running egg_info
writing ../../build/mcvilloid/mcvilloid.egg-info/PKG-INFO
writing dependency_links to ../../build/mcvilloid/mcvilloid.egg-info/dependency_links.txt
writing entry points to ../../build/mcvilloid/mcvilloid.egg-info/entry_points.txt
writing requirements to ../../build/mcvilloid/mcvilloid.egg-info/requires.txt
writing top-level names to ../../build/mcvilloid/mcvilloid.egg-info/top_level.txt
reading manifest file '../../build/mcvilloid/mcvilloid.egg-info/SOURCES.txt'
writing manifest file '../../build/mcvilloid/mcvilloid.egg-info/SOURCES.txt'
running build
running build_py
running install
running install_lib
running install_data
creating /home/maldonado/ros2_ws/install/mcvilloid/share/mcvilloid/protos
copying protos/Pm01.proto -> /home/maldonado/ros2_ws/install/mcvilloid/share/mcvilloid/protos
creating /home/maldonado/ros2_ws/install/mcvilloid/share/mcvilloid/meshes
copying meshes/link_head_yaw.stl -> /home/maldonado/ros2_ws/install/mcvilloid/share/mcvilloid/meshes
copying meshes/link_shoulder_yaw_l.stl -> /home/maldonado/ros2_ws/install/mcvilloid/share/mcvilloid/meshes
copying meshes/link_hip_pitch_l.stl -> /home/maldonado/ros2_ws/install/mcvilloid/share/mcvilloid/meshes
copying meshes/link_shoulder_pitch_l.stl -> /home/maldonado/ros2_ws/install/mcvilloid/share/mcvilloid/meshes
copying meshes/link_shoulder_yaw_r.stl -> /home/maldonado/ros2_ws/install/mcvilloid/share/mcvilloid/meshes
copying meshes/link_torso_yaw.stl -> /home/maldonado/ros2_ws/install/mcvilloid/share/mcvilloid/meshes
copying meshes/link_ankle_roll_l.stl -> /home/maldonado/ros2_ws/install/mcvilloid/share/mcvilloid/meshes
copying meshes/link_elbow_yaw_r.stl -> /home/maldonado/ros2_ws/install/mcvilloid/share/mcvilloid/meshes
copying meshes/link_hip_roll_r.stl -> /home/maldonado/ros2_ws/install/mcvilloid/share/mcvilloid/meshes
copying meshes/link_hip_roll_l.stl -> /home/maldonado/ros2_ws/install/mcvilloid/share/mcvilloid/meshes
copying meshes/link_shoulder_pitch_r.stl -> /home/maldonado/ros2_ws/install/mcvilloid/share/mcvilloid/meshes
copying meshes/link_hip_pitch_r.stl -> /home/maldonado/ros2_ws/install/mcvilloid/share/mcvilloid/meshes
copying meshes/link_shoulder_roll_r.stl -> /home/maldonado/ros2_ws/install/mcvilloid/share/mcvilloid/meshes
copying meshes/link_ankle_pitch_r.stl -> /home/maldonado/ros2_ws/install/mcvilloid/share/mcvilloid/meshes
copying meshes/link_ankle_roll_r.stl -> /home/maldonado/ros2_ws/install/mcvilloid/share/mcvilloid/meshes
copying meshes/link_elbow_yaw_l.stl -> /home/maldonado/ros2_ws/install/mcvilloid/share/mcvilloid/meshes
copying meshes/link_elbow_pitch_l.stl -> /home/maldonado/ros2_ws/install/mcvilloid/share/mcvilloid/meshes
copying meshes/link_ankle_pitch_l.stl -> /home/maldonado/ros2_ws/install/mcvilloid/share/mcvilloid/meshes
copying meshes/link_base.stl -> /home/maldonado/ros2_ws/install/mcvilloid/share/mcvilloid/meshes
copying meshes/link_knee_pitch_l.stl -> /home/maldonado/ros2_ws/install/mcvilloid/share/mcvilloid/meshes
copying meshes/link_knee_pitch_r.stl -> /home/maldonado/ros2_ws/install/mcvilloid/share/mcvilloid/meshes
copying meshes/link_elbow_pitch_r.stl -> /home/maldonado/ros2_ws/install/mcvilloid/share/mcvilloid/meshes
copying meshes/link_hip_yaw_l.stl -> /home/maldonado/ros2_ws/install/mcvilloid/share/mcvilloid/meshes
copying meshes/link_hip_yaw_r.stl -> /home/maldonado/ros2_ws/install/mcvilloid/share/mcvilloid/meshes
copying meshes/link_shoulder_roll_l.stl -> /home/maldonado/ros2_ws/install/mcvilloid/share/mcvilloid/meshes
running install_egg_info
removing '/home/maldonado/ros2_ws/install/mcvilloid/lib/python3.10/site-packages/mcvilloid-0.0.0-py3.10.egg-info' (and everything under it)
Copying ../../build/mcvilloid/mcvilloid.egg-info to /home/maldonado/ros2_ws/install/mcvilloid/lib/python3.10/site-packages/mcvilloid-0.0.0-py3.10.egg-info
running install_scripts
writing list of installed files to '/home/maldonado/ros2_ws/build/mcvilloid/install.log'
