/home/maldonado/ros2_ws/install/mcvilloid/lib/python3.10/site-packages/mcvilloid/__init__.py
/home/maldonado/ros2_ws/install/mcvilloid/lib/python3.10/site-packages/mcvilloid/my_first_node.py
/home/maldonado/ros2_ws/install/mcvilloid/lib/python3.10/site-packages/mcvilloid/mi_controlador.py
/home/maldonado/ros2_ws/install/mcvilloid/lib/python3.10/site-packages/mcvilloid/__pycache__/__init__.cpython-310.pyc
/home/maldonado/ros2_ws/install/mcvilloid/lib/python3.10/site-packages/mcvilloid/__pycache__/my_first_node.cpython-310.pyc
/home/maldonado/ros2_ws/install/mcvilloid/lib/python3.10/site-packages/mcvilloid/__pycache__/mi_controlador.cpython-310.pyc
/home/maldonado/ros2_ws/install/mcvilloid/share/ament_index/resource_index/packages/mcvilloid
/home/maldonado/ros2_ws/install/mcvilloid/share/mcvilloid/package.xml
/home/maldonado/ros2_ws/install/mcvilloid/share/mcvilloid/launch/mi_robot_launch.py
/home/maldonado/ros2_ws/install/mcvilloid/share/mcvilloid/worlds/Pm01.wbt
/home/maldonado/ros2_ws/install/mcvilloid/share/mcvilloid/protos/Pm01.proto
/home/maldonado/ros2_ws/install/mcvilloid/share/mcvilloid/meshes/pm01_only_legs.urdf
/home/maldonado/ros2_ws/install/mcvilloid/share/mcvilloid/meshes/link_head_yaw.stl
/home/maldonado/ros2_ws/install/mcvilloid/share/mcvilloid/meshes/link_shoulder_yaw_l.stl
/home/maldonado/ros2_ws/install/mcvilloid/share/mcvilloid/meshes/link_hip_pitch_l.stl
/home/maldonado/ros2_ws/install/mcvilloid/share/mcvilloid/meshes/link_shoulder_pitch_l.stl
/home/maldonado/ros2_ws/install/mcvilloid/share/mcvilloid/meshes/link_shoulder_yaw_r.stl
/home/maldonado/ros2_ws/install/mcvilloid/share/mcvilloid/meshes/link_torso_yaw.stl
/home/maldonado/ros2_ws/install/mcvilloid/share/mcvilloid/meshes/link_ankle_roll_l.stl
/home/maldonado/ros2_ws/install/mcvilloid/share/mcvilloid/meshes/link_elbow_yaw_r.stl
/home/maldonado/ros2_ws/install/mcvilloid/share/mcvilloid/meshes/link_hip_roll_r.stl
/home/maldonado/ros2_ws/install/mcvilloid/share/mcvilloid/meshes/link_hip_roll_l.stl
/home/maldonado/ros2_ws/install/mcvilloid/share/mcvilloid/meshes/link_shoulder_pitch_r.stl
/home/maldonado/ros2_ws/install/mcvilloid/share/mcvilloid/meshes/link_hip_pitch_r.stl
/home/maldonado/ros2_ws/install/mcvilloid/share/mcvilloid/meshes/link_shoulder_roll_r.stl
/home/maldonado/ros2_ws/install/mcvilloid/share/mcvilloid/meshes/link_ankle_pitch_r.stl
/home/maldonado/ros2_ws/install/mcvilloid/share/mcvilloid/meshes/link_ankle_roll_r.stl
/home/maldonado/ros2_ws/install/mcvilloid/share/mcvilloid/meshes/link_elbow_yaw_l.stl
/home/maldonado/ros2_ws/install/mcvilloid/share/mcvilloid/meshes/link_elbow_pitch_l.stl
/home/maldonado/ros2_ws/install/mcvilloid/share/mcvilloid/meshes/link_ankle_pitch_l.stl
/home/maldonado/ros2_ws/install/mcvilloid/share/mcvilloid/meshes/link_base.stl
/home/maldonado/ros2_ws/install/mcvilloid/share/mcvilloid/meshes/link_knee_pitch_l.stl
/home/maldonado/ros2_ws/install/mcvilloid/share/mcvilloid/meshes/link_knee_pitch_r.stl
/home/maldonado/ros2_ws/install/mcvilloid/share/mcvilloid/meshes/link_elbow_pitch_r.stl
/home/maldonado/ros2_ws/install/mcvilloid/share/mcvilloid/meshes/link_hip_yaw_l.stl
/home/maldonado/ros2_ws/install/mcvilloid/share/mcvilloid/meshes/link_hip_yaw_r.stl
/home/maldonado/ros2_ws/install/mcvilloid/share/mcvilloid/meshes/link_shoulder_roll_l.stl
/home/maldonado/ros2_ws/install/mcvilloid/share/mcvilloid/controllers/mcvilloid_controller/mcvilloid_controller.py
/home/maldonado/ros2_ws/install/mcvilloid/lib/python3.10/site-packages/mcvilloid-0.0.0-py3.10.egg-info/entry_points.txt
/home/maldonado/ros2_ws/install/mcvilloid/lib/python3.10/site-packages/mcvilloid-0.0.0-py3.10.egg-info/dependency_links.txt
/home/maldonado/ros2_ws/install/mcvilloid/lib/python3.10/site-packages/mcvilloid-0.0.0-py3.10.egg-info/SOURCES.txt
/home/maldonado/ros2_ws/install/mcvilloid/lib/python3.10/site-packages/mcvilloid-0.0.0-py3.10.egg-info/top_level.txt
/home/maldonado/ros2_ws/install/mcvilloid/lib/python3.10/site-packages/mcvilloid-0.0.0-py3.10.egg-info/zip-safe
/home/maldonado/ros2_ws/install/mcvilloid/lib/python3.10/site-packages/mcvilloid-0.0.0-py3.10.egg-info/PKG-INFO
/home/maldonado/ros2_ws/install/mcvilloid/lib/python3.10/site-packages/mcvilloid-0.0.0-py3.10.egg-info/requires.txt
