running egg_info
writing ../../build/mcvilloid/mcvilloid.egg-info/PKG-INFO
writing dependency_links to ../../build/mcvilloid/mcvilloid.egg-info/dependency_links.txt
writing entry points to ../../build/mcvilloid/mcvilloid.egg-info/entry_points.txt
writing requirements to ../../build/mcvilloid/mcvilloid.egg-info/requires.txt
writing top-level names to ../../build/mcvilloid/mcvilloid.egg-info/top_level.txt
reading manifest file '../../build/mcvilloid/mcvilloid.egg-info/SOURCES.txt'
writing manifest file '../../build/mcvilloid/mcvilloid.egg-info/SOURCES.txt'
running build
running build_py
running install
running install_lib
running install_data
running install_egg_info
removing '/home/maldonado/ros2_ws/install/mcvilloid/lib/python3.10/site-packages/mcvilloid-0.0.0-py3.10.egg-info' (and everything under it)
Copying ../../build/mcvilloid/mcvilloid.egg-info to /home/maldonado/ros2_ws/install/mcvilloid/lib/python3.10/site-packages/mcvilloid-0.0.0-py3.10.egg-info
error removing /home/maldonado/ros2_ws/install/mcvilloid/lib/python3.10/site-packages/mcvilloid-0.0.0-py3.10.egg-info: [Errno 13] Permission denied: '/home/maldonado/ros2_ws/install/mcvilloid/lib/python3.10/site-packages/mcvilloid-0.0.0-py3.10.egg-info/entry_points.txt'
error removing /home/maldonado/ros2_ws/install/mcvilloid/lib/python3.10/site-packages/mcvilloid-0.0.0-py3.10.egg-info: [Errno 13] Permission denied: '/home/maldonado/ros2_ws/install/mcvilloid/lib/python3.10/site-packages/mcvilloid-0.0.0-py3.10.egg-info/dependency_links.txt'
error removing /home/maldonado/ros2_ws/install/mcvilloid/lib/python3.10/site-packages/mcvilloid-0.0.0-py3.10.egg-info: [Errno 13] Permission denied: '/home/maldonado/ros2_ws/install/mcvilloid/lib/python3.10/site-packages/mcvilloid-0.0.0-py3.10.egg-info/SOURCES.txt'
error removing /home/maldonado/ros2_ws/install/mcvilloid/lib/python3.10/site-packages/mcvilloid-0.0.0-py3.10.egg-info: [Errno 13] Permission denied: '/home/maldonado/ros2_ws/install/mcvilloid/lib/python3.10/site-packages/mcvilloid-0.0.0-py3.10.egg-info/top_level.txt'
error removing /home/maldonado/ros2_ws/install/mcvilloid/lib/python3.10/site-packages/mcvilloid-0.0.0-py3.10.egg-info: [Errno 13] Permission denied: '/home/maldonado/ros2_ws/install/mcvilloid/lib/python3.10/site-packages/mcvilloid-0.0.0-py3.10.egg-info/zip-safe'
error removing /home/maldonado/ros2_ws/install/mcvilloid/lib/python3.10/site-packages/mcvilloid-0.0.0-py3.10.egg-info: [Errno 13] Permission denied: '/home/maldonado/ros2_ws/install/mcvilloid/lib/python3.10/site-packages/mcvilloid-0.0.0-py3.10.egg-info/PKG-INFO'
error removing /home/maldonado/ros2_ws/install/mcvilloid/lib/python3.10/site-packages/mcvilloid-0.0.0-py3.10.egg-info: [Errno 13] Permission denied: '/home/maldonado/ros2_ws/install/mcvilloid/lib/python3.10/site-packages/mcvilloid-0.0.0-py3.10.egg-info/requires.txt'
error removing /home/maldonado/ros2_ws/install/mcvilloid/lib/python3.10/site-packages/mcvilloid-0.0.0-py3.10.egg-info: [Errno 39] Directory not empty: '/home/maldonado/ros2_ws/install/mcvilloid/lib/python3.10/site-packages/mcvilloid-0.0.0-py3.10.egg-info'
error: [Errno 13] Permission denied: '/home/maldonado/ros2_ws/install/mcvilloid/lib/python3.10/site-packages/mcvilloid-0.0.0-py3.10.egg-info/entry_points.txt'
