[0.093s] DEBUG:colcon:Command line arguments: ['/usr/bin/colcon', 'build', '--packages-select', 'mcvilloid']
[0.093s] DEBUG:colcon:Parsed command line arguments: Namespace(log_base=None, log_level=None, verb_name='build', build_base='build', install_base='install', merge_install=False, symlink_install=False, test_result_base=None, continue_on_error=False, executor='parallel', parallel_workers=16, event_handlers=None, ignore_user_meta=False, metas=['./colcon.meta'], base_paths=['.'], packages_ignore=None, packages_ignore_regex=None, paths=None, packages_up_to=None, packages_up_to_regex=None, packages_above=None, packages_above_and_dependencies=None, packages_above_depth=None, packages_select_by_dep=None, packages_skip_by_dep=None, packages_skip_up_to=None, packages_select_build_failed=False, packages_skip_build_finished=False, packages_select_test_failures=False, packages_skip_test_passed=False, packages_select=['mcvilloid'], packages_skip=None, packages_select_regex=None, packages_skip_regex=None, packages_start=None, packages_end=None, allow_overriding=[], cmake_args=None, cmake_target=None, cmake_target_skip_unavailable=False, cmake_clean_cache=False, cmake_clean_first=False, cmake_force_configure=False, ament_cmake_args=None, catkin_cmake_args=None, catkin_skip_building_tests=False, mixin_files=None, mixin=None, verb_parser=<colcon_mixin.mixin.mixin_argument.MixinArgumentDecorator object at 0x742380256920>, verb_extension=<colcon_core.verb.build.BuildVerb object at 0x742380256350>, main=<bound method BuildVerb.main of <colcon_core.verb.build.BuildVerb object at 0x742380256350>>, mixin_verb=('build',))
[0.179s] Level 1:colcon.colcon_core.package_discovery:discover_packages(colcon_meta) check parameters
[0.179s] Level 1:colcon.colcon_core.package_discovery:discover_packages(recursive) check parameters
[0.179s] Level 1:colcon.colcon_core.package_discovery:discover_packages(ignore) check parameters
[0.179s] Level 1:colcon.colcon_core.package_discovery:discover_packages(path) check parameters
[0.179s] Level 1:colcon.colcon_core.package_discovery:discover_packages(colcon_meta) discover
[0.179s] Level 1:colcon.colcon_core.package_discovery:discover_packages(recursive) discover
[0.179s] INFO:colcon.colcon_core.package_discovery:Crawling recursively for packages in '/home/maldonado/ros2_ws'
[0.179s] Level 1:colcon.colcon_core.package_identification:_identify(.) by extensions ['ignore', 'ignore_ament_install']
[0.179s] Level 1:colcon.colcon_core.package_identification:_identify(.) by extension 'ignore'
[0.179s] Level 1:colcon.colcon_core.package_identification:_identify(.) by extension 'ignore_ament_install'
[0.179s] Level 1:colcon.colcon_core.package_identification:_identify(.) by extensions ['colcon_pkg']
[0.179s] Level 1:colcon.colcon_core.package_identification:_identify(.) by extension 'colcon_pkg'
[0.179s] Level 1:colcon.colcon_core.package_identification:_identify(.) by extensions ['colcon_meta']
[0.179s] Level 1:colcon.colcon_core.package_identification:_identify(.) by extension 'colcon_meta'
[0.179s] Level 1:colcon.colcon_core.package_identification:_identify(.) by extensions ['ros']
[0.179s] Level 1:colcon.colcon_core.package_identification:_identify(.) by extension 'ros'
[0.185s] Level 1:colcon.colcon_core.package_identification:_identify(.) by extensions ['cmake', 'python']
[0.185s] Level 1:colcon.colcon_core.package_identification:_identify(.) by extension 'cmake'
[0.185s] Level 1:colcon.colcon_core.package_identification:_identify(.) by extension 'python'
[0.185s] Level 1:colcon.colcon_core.package_identification:_identify(.) by extensions ['python_setup_py']
[0.185s] Level 1:colcon.colcon_core.package_identification:_identify(.) by extension 'python_setup_py'
[0.185s] Level 1:colcon.colcon_core.package_identification:_identify(build) by extensions ['ignore', 'ignore_ament_install']
[0.185s] Level 1:colcon.colcon_core.package_identification:_identify(build) by extension 'ignore'
[0.185s] Level 1:colcon.colcon_core.package_identification:_identify(build) ignored
[0.186s] Level 1:colcon.colcon_core.package_identification:_identify(install) by extensions ['ignore', 'ignore_ament_install']
[0.186s] Level 1:colcon.colcon_core.package_identification:_identify(install) by extension 'ignore'
[0.186s] Level 1:colcon.colcon_core.package_identification:_identify(install) ignored
[0.186s] Level 1:colcon.colcon_core.package_identification:_identify(log) by extensions ['ignore', 'ignore_ament_install']
[0.186s] Level 1:colcon.colcon_core.package_identification:_identify(log) by extension 'ignore'
[0.186s] Level 1:colcon.colcon_core.package_identification:_identify(log) ignored
[0.186s] Level 1:colcon.colcon_core.package_identification:_identify(src) by extensions ['ignore', 'ignore_ament_install']
[0.186s] Level 1:colcon.colcon_core.package_identification:_identify(src) by extension 'ignore'
[0.186s] Level 1:colcon.colcon_core.package_identification:_identify(src) by extension 'ignore_ament_install'
[0.186s] Level 1:colcon.colcon_core.package_identification:_identify(src) by extensions ['colcon_pkg']
[0.186s] Level 1:colcon.colcon_core.package_identification:_identify(src) by extension 'colcon_pkg'
[0.186s] Level 1:colcon.colcon_core.package_identification:_identify(src) by extensions ['colcon_meta']
[0.186s] Level 1:colcon.colcon_core.package_identification:_identify(src) by extension 'colcon_meta'
[0.186s] Level 1:colcon.colcon_core.package_identification:_identify(src) by extensions ['ros']
[0.186s] Level 1:colcon.colcon_core.package_identification:_identify(src) by extension 'ros'
[0.186s] Level 1:colcon.colcon_core.package_identification:_identify(src) by extensions ['cmake', 'python']
[0.186s] Level 1:colcon.colcon_core.package_identification:_identify(src) by extension 'cmake'
[0.186s] Level 1:colcon.colcon_core.package_identification:_identify(src) by extension 'python'
[0.186s] Level 1:colcon.colcon_core.package_identification:_identify(src) by extensions ['python_setup_py']
[0.186s] Level 1:colcon.colcon_core.package_identification:_identify(src) by extension 'python_setup_py'
[0.186s] Level 1:colcon.colcon_core.package_identification:_identify(src/mcvilloid) by extensions ['ignore', 'ignore_ament_install']
[0.186s] Level 1:colcon.colcon_core.package_identification:_identify(src/mcvilloid) by extension 'ignore'
[0.186s] Level 1:colcon.colcon_core.package_identification:_identify(src/mcvilloid) by extension 'ignore_ament_install'
[0.186s] Level 1:colcon.colcon_core.package_identification:_identify(src/mcvilloid) by extensions ['colcon_pkg']
[0.186s] Level 1:colcon.colcon_core.package_identification:_identify(src/mcvilloid) by extension 'colcon_pkg'
[0.186s] Level 1:colcon.colcon_core.package_identification:_identify(src/mcvilloid) by extensions ['colcon_meta']
[0.186s] Level 1:colcon.colcon_core.package_identification:_identify(src/mcvilloid) by extension 'colcon_meta'
[0.186s] Level 1:colcon.colcon_core.package_identification:_identify(src/mcvilloid) by extensions ['ros']
[0.186s] Level 1:colcon.colcon_core.package_identification:_identify(src/mcvilloid) by extension 'ros'
[0.188s] DEBUG:colcon.colcon_core.package_identification:Package 'src/mcvilloid' with type 'ros.ament_python' and name 'mcvilloid'
[0.188s] Level 1:colcon.colcon_core.package_identification:_identify(src/mi_robot) by extensions ['ignore', 'ignore_ament_install']
[0.188s] Level 1:colcon.colcon_core.package_identification:_identify(src/mi_robot) by extension 'ignore'
[0.188s] Level 1:colcon.colcon_core.package_identification:_identify(src/mi_robot) by extension 'ignore_ament_install'
[0.188s] Level 1:colcon.colcon_core.package_identification:_identify(src/mi_robot) by extensions ['colcon_pkg']
[0.188s] Level 1:colcon.colcon_core.package_identification:_identify(src/mi_robot) by extension 'colcon_pkg'
[0.188s] Level 1:colcon.colcon_core.package_identification:_identify(src/mi_robot) by extensions ['colcon_meta']
[0.188s] Level 1:colcon.colcon_core.package_identification:_identify(src/mi_robot) by extension 'colcon_meta'
[0.188s] Level 1:colcon.colcon_core.package_identification:_identify(src/mi_robot) by extensions ['ros']
[0.188s] Level 1:colcon.colcon_core.package_identification:_identify(src/mi_robot) by extension 'ros'
[0.188s] Level 1:colcon.colcon_core.package_identification:_identify(src/mi_robot) by extensions ['cmake', 'python']
[0.188s] Level 1:colcon.colcon_core.package_identification:_identify(src/mi_robot) by extension 'cmake'
[0.188s] Level 1:colcon.colcon_core.package_identification:_identify(src/mi_robot) by extension 'python'
[0.188s] Level 1:colcon.colcon_core.package_identification:_identify(src/mi_robot) by extensions ['python_setup_py']
[0.188s] Level 1:colcon.colcon_core.package_identification:_identify(src/mi_robot) by extension 'python_setup_py'
[0.188s] Level 1:colcon.colcon_core.package_identification:_identify(src/mi_robot/launch) by extensions ['ignore', 'ignore_ament_install']
[0.188s] Level 1:colcon.colcon_core.package_identification:_identify(src/mi_robot/launch) by extension 'ignore'
[0.188s] Level 1:colcon.colcon_core.package_identification:_identify(src/mi_robot/launch) by extension 'ignore_ament_install'
[0.188s] Level 1:colcon.colcon_core.package_identification:_identify(src/mi_robot/launch) by extensions ['colcon_pkg']
[0.188s] Level 1:colcon.colcon_core.package_identification:_identify(src/mi_robot/launch) by extension 'colcon_pkg'
[0.188s] Level 1:colcon.colcon_core.package_identification:_identify(src/mi_robot/launch) by extensions ['colcon_meta']
[0.188s] Level 1:colcon.colcon_core.package_identification:_identify(src/mi_robot/launch) by extension 'colcon_meta'
[0.188s] Level 1:colcon.colcon_core.package_identification:_identify(src/mi_robot/launch) by extensions ['ros']
[0.188s] Level 1:colcon.colcon_core.package_identification:_identify(src/mi_robot/launch) by extension 'ros'
[0.188s] Level 1:colcon.colcon_core.package_identification:_identify(src/mi_robot/launch) by extensions ['cmake', 'python']
[0.188s] Level 1:colcon.colcon_core.package_identification:_identify(src/mi_robot/launch) by extension 'cmake'
[0.188s] Level 1:colcon.colcon_core.package_identification:_identify(src/mi_robot/launch) by extension 'python'
[0.188s] Level 1:colcon.colcon_core.package_identification:_identify(src/mi_robot/launch) by extensions ['python_setup_py']
[0.188s] Level 1:colcon.colcon_core.package_identification:_identify(src/mi_robot/launch) by extension 'python_setup_py'
[0.188s] Level 1:colcon.colcon_core.package_discovery:discover_packages(recursive) using defaults
[0.188s] Level 1:colcon.colcon_core.package_discovery:discover_packages(ignore) discover
[0.189s] Level 1:colcon.colcon_core.package_discovery:discover_packages(ignore) using defaults
[0.189s] Level 1:colcon.colcon_core.package_discovery:discover_packages(path) discover
[0.189s] Level 1:colcon.colcon_core.package_discovery:discover_packages(path) using defaults
[0.205s] Level 1:colcon.colcon_core.package_discovery:discover_packages(prefix_path) check parameters
[0.205s] Level 1:colcon.colcon_core.package_discovery:discover_packages(prefix_path) discover
[0.206s] DEBUG:colcon.colcon_installed_package_information.package_discovery:Found 1 installed packages in /home/maldonado/ros2_ws/install
[0.206s] DEBUG:colcon.colcon_installed_package_information.package_discovery:Found 309 installed packages in /opt/ros/humble
[0.207s] Level 1:colcon.colcon_core.package_discovery:discover_packages(prefix_path) using defaults
[0.226s] Level 5:colcon.colcon_core.verb:set package 'mcvilloid' build argument 'cmake_args' from command line to 'None'
[0.227s] Level 5:colcon.colcon_core.verb:set package 'mcvilloid' build argument 'cmake_target' from command line to 'None'
[0.227s] Level 5:colcon.colcon_core.verb:set package 'mcvilloid' build argument 'cmake_target_skip_unavailable' from command line to 'False'
[0.227s] Level 5:colcon.colcon_core.verb:set package 'mcvilloid' build argument 'cmake_clean_cache' from command line to 'False'
[0.227s] Level 5:colcon.colcon_core.verb:set package 'mcvilloid' build argument 'cmake_clean_first' from command line to 'False'
[0.227s] Level 5:colcon.colcon_core.verb:set package 'mcvilloid' build argument 'cmake_force_configure' from command line to 'False'
[0.227s] Level 5:colcon.colcon_core.verb:set package 'mcvilloid' build argument 'ament_cmake_args' from command line to 'None'
[0.227s] Level 5:colcon.colcon_core.verb:set package 'mcvilloid' build argument 'catkin_cmake_args' from command line to 'None'
[0.227s] Level 5:colcon.colcon_core.verb:set package 'mcvilloid' build argument 'catkin_skip_building_tests' from command line to 'False'
[0.227s] DEBUG:colcon.colcon_core.verb:Building package 'mcvilloid' with the following arguments: {'ament_cmake_args': None, 'build_base': '/home/maldonado/ros2_ws/build/mcvilloid', 'catkin_cmake_args': None, 'catkin_skip_building_tests': False, 'cmake_args': None, 'cmake_clean_cache': False, 'cmake_clean_first': False, 'cmake_force_configure': False, 'cmake_target': None, 'cmake_target_skip_unavailable': False, 'install_base': '/home/maldonado/ros2_ws/install/mcvilloid', 'merge_install': False, 'path': '/home/maldonado/ros2_ws/src/mcvilloid', 'symlink_install': False, 'test_result_base': None}
[0.227s] INFO:colcon.colcon_core.executor:Executing jobs using 'parallel' executor
[0.227s] DEBUG:colcon.colcon_parallel_executor.executor.parallel:run_until_complete
[0.228s] INFO:colcon.colcon_ros.task.ament_python.build:Building ROS package in '/home/maldonado/ros2_ws/src/mcvilloid' with build type 'ament_python'
[0.228s] Level 1:colcon.colcon_core.shell:create_environment_hook('mcvilloid', 'ament_prefix_path')
[0.229s] INFO:colcon.colcon_core.plugin_system:Skipping extension 'colcon_core.shell.bat': Not used on non-Windows systems
[0.229s] INFO:colcon.colcon_core.shell:Creating environment hook '/home/maldonado/ros2_ws/install/mcvilloid/share/mcvilloid/hook/ament_prefix_path.ps1'
[0.229s] INFO:colcon.colcon_core.shell:Creating environment descriptor '/home/maldonado/ros2_ws/install/mcvilloid/share/mcvilloid/hook/ament_prefix_path.dsv'
[0.230s] INFO:colcon.colcon_core.shell:Creating environment hook '/home/maldonado/ros2_ws/install/mcvilloid/share/mcvilloid/hook/ament_prefix_path.sh'
[0.231s] INFO:colcon.colcon_core.shell:Skip shell extension 'powershell' for command environment: Not usable outside of PowerShell
[0.231s] DEBUG:colcon.colcon_core.shell:Skip shell extension 'dsv' for command environment
[0.368s] INFO:colcon.colcon_core.task.python.build:Building Python package in '/home/maldonado/ros2_ws/src/mcvilloid'
[0.368s] INFO:colcon.colcon_core.shell:Skip shell extension 'powershell' for command environment: Not usable outside of PowerShell
[0.368s] DEBUG:colcon.colcon_core.shell:Skip shell extension 'dsv' for command environment
[0.563s] DEBUG:colcon.colcon_core.event_handler.log_command:Invoking command in '/home/maldonado/ros2_ws/src/mcvilloid': PYTHONPATH=/home/maldonado/ros2_ws/build/mcvilloid/prefix_override:/usr/lib/python3/dist-packages/colcon_core/task/python/colcon_distutils_commands:/home/maldonado/ros2_ws/install/mcvilloid/lib/python3.10/site-packages:${PYTHONPATH} /usr/bin/python3 -W ignore:setup.py install is deprecated -W ignore:easy_install command is deprecated setup.py egg_info --egg-base ../../build/mcvilloid build --build-base /home/maldonado/ros2_ws/build/mcvilloid/build install --record /home/maldonado/ros2_ws/build/mcvilloid/install.log --single-version-externally-managed install_data
[0.710s] DEBUG:colcon.colcon_core.event_handler.log_command:Invoked command in '/home/maldonado/ros2_ws/src/mcvilloid' returned '0': PYTHONPATH=/home/maldonado/ros2_ws/build/mcvilloid/prefix_override:/usr/lib/python3/dist-packages/colcon_core/task/python/colcon_distutils_commands:/home/maldonado/ros2_ws/install/mcvilloid/lib/python3.10/site-packages:${PYTHONPATH} /usr/bin/python3 -W ignore:setup.py install is deprecated -W ignore:easy_install command is deprecated setup.py egg_info --egg-base ../../build/mcvilloid build --build-base /home/maldonado/ros2_ws/build/mcvilloid/build install --record /home/maldonado/ros2_ws/build/mcvilloid/install.log --single-version-externally-managed install_data
[0.711s] Level 1:colcon.colcon_core.environment:checking '/home/maldonado/ros2_ws/install/mcvilloid' for CMake module files
[0.711s] Level 1:colcon.colcon_core.environment:checking '/home/maldonado/ros2_ws/install/mcvilloid' for CMake config files
[0.712s] Level 1:colcon.colcon_core.environment:checking '/home/maldonado/ros2_ws/install/mcvilloid/lib'
[0.712s] Level 1:colcon.colcon_core.environment:checking '/home/maldonado/ros2_ws/install/mcvilloid/bin'
[0.712s] Level 1:colcon.colcon_core.environment:checking '/home/maldonado/ros2_ws/install/mcvilloid/lib/pkgconfig/mcvilloid.pc'
[0.712s] Level 1:colcon.colcon_core.environment:checking '/home/maldonado/ros2_ws/install/mcvilloid/lib/python3.10/site-packages'
[0.712s] Level 1:colcon.colcon_core.shell:create_environment_hook('mcvilloid', 'pythonpath')
[0.712s] INFO:colcon.colcon_core.shell:Creating environment hook '/home/maldonado/ros2_ws/install/mcvilloid/share/mcvilloid/hook/pythonpath.ps1'
[0.712s] INFO:colcon.colcon_core.shell:Creating environment descriptor '/home/maldonado/ros2_ws/install/mcvilloid/share/mcvilloid/hook/pythonpath.dsv'
[0.713s] INFO:colcon.colcon_core.shell:Creating environment hook '/home/maldonado/ros2_ws/install/mcvilloid/share/mcvilloid/hook/pythonpath.sh'
[0.713s] Level 1:colcon.colcon_core.environment:checking '/home/maldonado/ros2_ws/install/mcvilloid/bin'
[0.713s] Level 1:colcon.colcon_core.environment:create_environment_scripts_only(mcvilloid)
[0.713s] INFO:colcon.colcon_core.shell:Creating package script '/home/maldonado/ros2_ws/install/mcvilloid/share/mcvilloid/package.ps1'
[0.714s] INFO:colcon.colcon_core.shell:Creating package descriptor '/home/maldonado/ros2_ws/install/mcvilloid/share/mcvilloid/package.dsv'
[0.714s] INFO:colcon.colcon_core.shell:Creating package script '/home/maldonado/ros2_ws/install/mcvilloid/share/mcvilloid/package.sh'
[0.714s] INFO:colcon.colcon_core.shell:Creating package script '/home/maldonado/ros2_ws/install/mcvilloid/share/mcvilloid/package.bash'
[0.715s] INFO:colcon.colcon_core.shell:Creating package script '/home/maldonado/ros2_ws/install/mcvilloid/share/mcvilloid/package.zsh'
[0.715s] Level 1:colcon.colcon_core.environment:create_file_with_runtime_dependencies(/home/maldonado/ros2_ws/install/mcvilloid/share/colcon-core/packages/mcvilloid)
[0.715s] DEBUG:colcon.colcon_parallel_executor.executor.parallel:closing loop
[0.715s] DEBUG:colcon.colcon_parallel_executor.executor.parallel:loop closed
[0.716s] DEBUG:colcon.colcon_parallel_executor.executor.parallel:run_until_complete finished with '0'
[0.716s] DEBUG:colcon.colcon_core.event_reactor:joining thread
[0.729s] INFO:colcon.colcon_core.plugin_system:Skipping extension 'colcon_notification.desktop_notification.notify_send': Could not find 'notify-send'
[0.729s] INFO:colcon.colcon_core.plugin_system:Skipping extension 'colcon_notification.desktop_notification.terminal_notifier': Not used on non-Darwin systems
[0.729s] INFO:colcon.colcon_core.plugin_system:Skipping extension 'colcon_notification.desktop_notification.win32': Not used on non-Windows systems
[0.729s] INFO:colcon.colcon_notification.desktop_notification:Sending desktop notification using 'notify2'
[0.730s] DEBUG:colcon.colcon_notification.desktop_notification.notify2:Failed to initialize notify2: org.freedesktop.DBus.Error.FileNotFound: Failed to connect to socket /run/user/1000/bus: No such file or directory
[0.730s] DEBUG:colcon.colcon_core.event_reactor:joined thread
[0.730s] INFO:colcon.colcon_core.shell:Creating prefix script '/home/maldonado/ros2_ws/install/local_setup.ps1'
[0.730s] INFO:colcon.colcon_core.shell:Creating prefix util module '/home/maldonado/ros2_ws/install/_local_setup_util_ps1.py'
[0.731s] INFO:colcon.colcon_core.shell:Creating prefix chain script '/home/maldonado/ros2_ws/install/setup.ps1'
[0.732s] INFO:colcon.colcon_core.shell:Creating prefix script '/home/maldonado/ros2_ws/install/local_setup.sh'
[0.732s] INFO:colcon.colcon_core.shell:Creating prefix util module '/home/maldonado/ros2_ws/install/_local_setup_util_sh.py'
[0.732s] INFO:colcon.colcon_core.shell:Creating prefix chain script '/home/maldonado/ros2_ws/install/setup.sh'
[0.733s] INFO:colcon.colcon_core.shell:Creating prefix script '/home/maldonado/ros2_ws/install/local_setup.bash'
[0.733s] INFO:colcon.colcon_core.shell:Creating prefix chain script '/home/maldonado/ros2_ws/install/setup.bash'
[0.734s] INFO:colcon.colcon_core.shell:Creating prefix script '/home/maldonado/ros2_ws/install/local_setup.zsh'
[0.734s] INFO:colcon.colcon_core.shell:Creating prefix chain script '/home/maldonado/ros2_ws/install/setup.zsh'
