[0.385s] Invoking command in '/home/maldonado/ros2_ws/src/mcvilloid': PYTHONPATH=/home/maldonado/ros2_ws/build/mcvilloid/prefix_override:/usr/lib/python3/dist-packages/colcon_core/task/python/colcon_distutils_commands:/home/maldonado/ros2_ws/install/mcvilloid/lib/python3.10/site-packages:${PYTHONPATH} /usr/bin/python3 -W ignore:setup.py install is deprecated -W ignore:easy_install command is deprecated setup.py egg_info --egg-base ../../build/mcvilloid build --build-base /home/maldonado/ros2_ws/build/mcvilloid/build install --record /home/maldonado/ros2_ws/build/mcvilloid/install.log --single-version-externally-managed install_data
[0.525s] running egg_info
[0.525s] writing ../../build/mcvilloid/mcvilloid.egg-info/PKG-INFO
[0.525s] writing dependency_links to ../../build/mcvilloid/mcvilloid.egg-info/dependency_links.txt
[0.526s] writing entry points to ../../build/mcvilloid/mcvilloid.egg-info/entry_points.txt
[0.526s] writing requirements to ../../build/mcvilloid/mcvilloid.egg-info/requires.txt
[0.526s] writing top-level names to ../../build/mcvilloid/mcvilloid.egg-info/top_level.txt
[0.527s] reading manifest file '../../build/mcvilloid/mcvilloid.egg-info/SOURCES.txt'
[0.528s] writing manifest file '../../build/mcvilloid/mcvilloid.egg-info/SOURCES.txt'
[0.528s] running build
[0.528s] running build_py
[0.528s] running install
[0.528s] running install_lib
[0.530s] running install_data
[0.530s] creating /home/maldonado/ros2_ws/install/mcvilloid/share/mcvilloid/launch
[0.530s] copying launch/mi_robot_launch.py -> /home/maldonado/ros2_ws/install/mcvilloid/share/mcvilloid/launch
[0.531s] creating /home/maldonado/ros2_ws/install/mcvilloid/share/mcvilloid/worlds
[0.531s] copying worlds/Pm01.wbt -> /home/maldonado/ros2_ws/install/mcvilloid/share/mcvilloid/worlds
[0.531s] running install_egg_info
[0.534s] removing '/home/maldonado/ros2_ws/install/mcvilloid/lib/python3.10/site-packages/mcvilloid-0.0.0-py3.10.egg-info' (and everything under it)
[0.534s] Copying ../../build/mcvilloid/mcvilloid.egg-info to /home/maldonado/ros2_ws/install/mcvilloid/lib/python3.10/site-packages/mcvilloid-0.0.0-py3.10.egg-info
[0.535s] running install_scripts
[0.547s] Installing my_first_node script to /home/maldonado/ros2_ws/install/mcvilloid/lib/mcvilloid
[0.547s] writing list of installed files to '/home/maldonado/ros2_ws/build/mcvilloid/install.log'
[0.561s] Invoked command in '/home/maldonado/ros2_ws/src/mcvilloid' returned '0': PYTHONPATH=/home/maldonado/ros2_ws/build/mcvilloid/prefix_override:/usr/lib/python3/dist-packages/colcon_core/task/python/colcon_distutils_commands:/home/maldonado/ros2_ws/install/mcvilloid/lib/python3.10/site-packages:${PYTHONPATH} /usr/bin/python3 -W ignore:setup.py install is deprecated -W ignore:easy_install command is deprecated setup.py egg_info --egg-base ../../build/mcvilloid build --build-base /home/maldonado/ros2_ws/build/mcvilloid/build install --record /home/maldonado/ros2_ws/build/mcvilloid/install.log --single-version-externally-managed install_data
