[0.463s] Invoking command in '/home/maldonado/ros2_ws/src/mcvilloid': PYTHONPATH=/home/maldonado/ros2_ws/build/mcvilloid/prefix_override:/usr/lib/python3/dist-packages/colcon_core/task/python/colcon_distutils_commands:/home/maldonado/ros2_ws/install/mcvilloid/lib/python3.10/site-packages:${PYTHONPATH} /usr/bin/python3 -W ignore:setup.py install is deprecated -W ignore:easy_install command is deprecated setup.py egg_info --egg-base ../../build/mcvilloid build --build-base /home/maldonado/ros2_ws/build/mcvilloid/build install --record /home/maldonado/ros2_ws/build/mcvilloid/install.log --single-version-externally-managed install_data
[0.585s] running egg_info
[0.585s] writing ../../build/mcvilloid/mcvilloid.egg-info/PKG-INFO
[0.586s] writing dependency_links to ../../build/mcvilloid/mcvilloid.egg-info/dependency_links.txt
[0.586s] writing entry points to ../../build/mcvilloid/mcvilloid.egg-info/entry_points.txt
[0.586s] writing requirements to ../../build/mcvilloid/mcvilloid.egg-info/requires.txt
[0.586s] writing top-level names to ../../build/mcvilloid/mcvilloid.egg-info/top_level.txt
[0.587s] reading manifest file '../../build/mcvilloid/mcvilloid.egg-info/SOURCES.txt'
[0.588s] writing manifest file '../../build/mcvilloid/mcvilloid.egg-info/SOURCES.txt'
[0.588s] running build
[0.588s] running build_py
[0.588s] copying mcvilloid/mi_controlador.py -> /home/maldonado/ros2_ws/build/mcvilloid/build/lib/mcvilloid
[0.589s] running install
[0.589s] running install_lib
[0.589s] copying /home/maldonado/ros2_ws/build/mcvilloid/build/lib/mcvilloid/mi_controlador.py -> /home/maldonado/ros2_ws/install/mcvilloid/lib/python3.10/site-packages/mcvilloid
[0.590s] byte-compiling /home/maldonado/ros2_ws/install/mcvilloid/lib/python3.10/site-packages/mcvilloid/mi_controlador.py to mi_controlador.cpython-310.pyc
[0.591s] running install_data
[0.591s] copying worlds/Pm01.wbt -> /home/maldonado/ros2_ws/install/mcvilloid/share/mcvilloid/worlds
[0.591s] copying protos/Pm01.proto -> /home/maldonado/ros2_ws/install/mcvilloid/share/mcvilloid/protos
[0.592s] copying controllers/mcvilloid_controller/mcvilloid_controller.py -> /home/maldonado/ros2_ws/install/mcvilloid/share/mcvilloid/controllers/mcvilloid_controller
[0.592s] running install_egg_info
[0.594s] removing '/home/maldonado/ros2_ws/install/mcvilloid/lib/python3.10/site-packages/mcvilloid-0.0.0-py3.10.egg-info' (and everything under it)
[0.594s] Copying ../../build/mcvilloid/mcvilloid.egg-info to /home/maldonado/ros2_ws/install/mcvilloid/lib/python3.10/site-packages/mcvilloid-0.0.0-py3.10.egg-info
[0.595s] running install_scripts
[0.607s] writing list of installed files to '/home/maldonado/ros2_ws/build/mcvilloid/install.log'
[0.620s] Invoked command in '/home/maldonado/ros2_ws/src/mcvilloid' returned '0': PYTHONPATH=/home/maldonado/ros2_ws/build/mcvilloid/prefix_override:/usr/lib/python3/dist-packages/colcon_core/task/python/colcon_distutils_commands:/home/maldonado/ros2_ws/install/mcvilloid/lib/python3.10/site-packages:${PYTHONPATH} /usr/bin/python3 -W ignore:setup.py install is deprecated -W ignore:easy_install command is deprecated setup.py egg_info --egg-base ../../build/mcvilloid build --build-base /home/maldonado/ros2_ws/build/mcvilloid/build install --record /home/maldonado/ros2_ws/build/mcvilloid/install.log --single-version-externally-managed install_data
